0 info it worked if it ends with ok
1 verbose cli [ 'c:\\Program Files\\nodejs\\node.exe',
1 verbose cli   'c:\\Program Files\\nodejs\\node_modules\\npm\\bin\\npm-cli.js',
1 verbose cli   'install' ]
2 info using npm@1.4.28
3 info using node@v0.10.36
4 warn package.json institute_Management@0.1.0 No repository field.
5 verbose readDependencies using package.json deps
6 verbose install where, deps [ 'd:\\projects\\institute_management',
6 verbose install   [ 'body-parser',
6 verbose install     'express',
6 verbose install     'mongoose',
6 verbose install     'underscore',
6 verbose install     'bcrypt-nodejs',
6 verbose install     'async' ] ]
7 info preinstall institute_Management@0.1.0
8 verbose readDependencies using package.json deps
9 verbose already installed skipping body-parser@~1.12.0 d:\projects\institute_management
10 verbose already installed skipping express@^4.12.0 d:\projects\institute_management
11 verbose already installed skipping mongoose@~3.8.23 d:\projects\institute_management
12 verbose already installed skipping underscore@^1.8.2 d:\projects\institute_management
13 verbose already installed skipping bcrypt-nodejs@^0.0.3 d:\projects\institute_management
14 verbose cache add [ 'async@^0.0.1', null ]
15 verbose cache add name=undefined spec="async@^0.0.1" args=["async@^0.0.1",null]
16 verbose parsed url { protocol: null,
16 verbose parsed url   slashes: null,
16 verbose parsed url   auth: null,
16 verbose parsed url   host: null,
16 verbose parsed url   port: null,
16 verbose parsed url   hostname: null,
16 verbose parsed url   hash: null,
16 verbose parsed url   search: null,
16 verbose parsed url   query: null,
16 verbose parsed url   pathname: 'async@^0.0.1',
16 verbose parsed url   path: 'async@^0.0.1',
16 verbose parsed url   href: 'async@^0.0.1' }
17 verbose cache add name="async" spec="^0.0.1" args=["async","^0.0.1"]
18 verbose parsed url { protocol: null,
18 verbose parsed url   slashes: null,
18 verbose parsed url   auth: null,
18 verbose parsed url   host: null,
18 verbose parsed url   port: null,
18 verbose parsed url   hostname: null,
18 verbose parsed url   hash: null,
18 verbose parsed url   search: null,
18 verbose parsed url   query: null,
18 verbose parsed url   pathname: '^0.0.1',
18 verbose parsed url   path: '^0.0.1',
18 verbose parsed url   href: '^0.0.1' }
19 verbose addNamed [ 'async', '^0.0.1' ]
20 verbose addNamed [ null, '=0.0.1' ]
21 silly lockFile 7b915414-async-0-0-1 async@^0.0.1
22 verbose lock async@^0.0.1 C:\Users\sachidananda.panigra\AppData\Roaming\npm-cache\7b915414-async-0-0-1.lock
23 silly addNameRange { name: 'async', range: '=0.0.1', hasData: false }
24 verbose request where is /async
25 verbose request registry https://registry.npmjs.org/
26 verbose request id 77aa0ae99104f4e6
27 verbose url raw /async
28 verbose url resolving [ 'https://registry.npmjs.org/', './async' ]
29 verbose url resolved https://registry.npmjs.org/async
30 verbose request where is https://registry.npmjs.org/async
31 info trying registry request attempt 1 at 16:45:31
32 verbose etag "7JTZ0ZI9MVD5SWU01641JDH7"
33 http GET https://registry.npmjs.org/async
34 http 200 https://registry.npmjs.org/async
35 silly registry.get cb [ 200,
35 silly registry.get   { date: 'Wed, 01 Apr 2015 11:10:51 GMT',
35 silly registry.get     server: 'CouchDB/1.5.0 (Erlang OTP/R16B03)',
35 silly registry.get     etag: '"BDNKM59TWK6L9V5XVBWRFIJV0"',
35 silly registry.get     'content-type': 'application/json',
35 silly registry.get     'cache-control': 'max-age=60',
35 silly registry.get     'content-length': '101598',
35 silly registry.get     'accept-ranges': 'bytes',
35 silly registry.get     via: '1.1 varnish',
35 silly registry.get     age: '37',
35 silly registry.get     'x-served-by': 'cache-sn86-SIN',
35 silly registry.get     'x-cache': 'HIT',
35 silly registry.get     'x-cache-hits': '1',
35 silly registry.get     'x-timer': 'S1427886651.818194,VS0,VE0',
35 silly registry.get     vary: 'Accept',
35 silly registry.get     'keep-alive': 'timeout=10, max=50',
35 silly registry.get     connection: 'Keep-Alive' } ]
36 silly addNameRange number 2 { name: 'async', range: '=0.0.1', hasData: true }
37 silly addNameRange versions [ 'async',
37 silly addNameRange   [ '0.1.0',
37 silly addNameRange     '0.1.1',
37 silly addNameRange     '0.1.2',
37 silly addNameRange     '0.1.3',
37 silly addNameRange     '0.1.4',
37 silly addNameRange     '0.1.5',
37 silly addNameRange     '0.1.6',
37 silly addNameRange     '0.1.7',
37 silly addNameRange     '0.1.8',
37 silly addNameRange     '0.1.9',
37 silly addNameRange     '0.1.10',
37 silly addNameRange     '0.1.11',
37 silly addNameRange     '0.1.12',
37 silly addNameRange     '0.1.13',
37 silly addNameRange     '0.1.14',
37 silly addNameRange     '0.1.15',
37 silly addNameRange     '0.1.16',
37 silly addNameRange     '0.1.17',
37 silly addNameRange     '0.1.18',
37 silly addNameRange     '0.1.19',
37 silly addNameRange     '0.1.20',
37 silly addNameRange     '0.1.21',
37 silly addNameRange     '0.1.22',
37 silly addNameRange     '0.2.0',
37 silly addNameRange     '0.2.1',
37 silly addNameRange     '0.2.2',
37 silly addNameRange     '0.2.3',
37 silly addNameRange     '0.2.4',
37 silly addNameRange     '0.2.5',
37 silly addNameRange     '0.2.6',
37 silly addNameRange     '0.2.7',
37 silly addNameRange     '0.2.8',
37 silly addNameRange     '0.2.9',
37 silly addNameRange     '0.2.10',
37 silly addNameRange     '0.3.0',
37 silly addNameRange     '0.4.0',
37 silly addNameRange     '0.4.1',
37 silly addNameRange     '0.5.0',
37 silly addNameRange     '0.6.0',
37 silly addNameRange     '0.6.1',
37 silly addNameRange     '0.6.2',
37 silly addNameRange     '0.7.0',
37 silly addNameRange     '0.8.0',
37 silly addNameRange     '0.9.0' ] ]
38 silly lockFile 7b915414-async-0-0-1 async@^0.0.1
39 silly lockFile 7b915414-async-0-0-1 async@^0.0.1
40 error notarget No compatible version found: async@'=0.0.1'
40 error notarget Valid install targets:
40 error notarget ["0.1.0","0.1.1","0.1.2","0.1.3","0.1.4","0.1.5","0.1.6","0.1.7","0.1.8","0.1.9","0.1.10","0.1.11","0.1.12","0.1.13","0.1.14","0.1.15","0.1.16","0.1.17","0.1.18","0.1.19","0.1.20","0.1.21","0.1.22","0.2.0","0.2.1","0.2.2","0.2.3","0.2.4","0.2.5","0.2.6","0.2.7","0.2.8","0.2.9","0.2.10","0.3.0","0.4.0","0.4.1","0.5.0","0.6.0","0.6.1","0.6.2","0.7.0","0.8.0","0.9.0"]
40 error notarget
40 error notarget This is most likely not a problem with npm itself.
40 error notarget In most cases you or one of your dependencies are requesting
40 error notarget a package version that doesn't exist.
41 error System Windows_NT 6.1.7601
42 error command "c:\\Program Files\\nodejs\\node.exe" "c:\\Program Files\\nodejs\\node_modules\\npm\\bin\\npm-cli.js" "install"
43 error cwd d:\projects\institute_management
44 error node -v v0.10.36
45 error npm -v 1.4.28
46 error code ETARGET
47 verbose exit [ 1, true ]
